<?xml version="1.0" encoding="UTF-8"?>
<!-- Generated by org.testng.reporters.JUnitReportReporter -->
<testsuite hostname="DESKTOP-OHNG7LK" failures="0" tests="2" name="qaclickacademy.SeleniumTest" time="43.802" errors="0" timestamp="2022-01-04T20:13:30 IST" skipped="0">
  <testcase classname="qaclickacademy.SeleniumTest" name="elementsUI" time="0.001"/>
  <system-out/>
  <testcase classname="qaclickacademy.SeleniumTest" name="BrowserAutomation" time="43.801"/>
  <system-out/>
</testsuite> <!-- qaclickacademy.SeleniumTest -->
