<?xml version="1.0" encoding="UTF-8"?>
<!-- Generated by org.testng.reporters.JUnitReportReporter -->
<testsuite hostname="DESKTOP-OHNG7LK" failures="0" tests="1" name="qaclickacademy.SeleniumTest" time="42.142" errors="0" timestamp="2021-12-29T23:04:53 IST" skipped="0">
  <testcase classname="qaclickacademy.SeleniumTest" name="BrowserAutomation" time="42.142"/>
  <system-out/>
</testsuite> <!-- qaclickacademy.SeleniumTest -->
